[debug] [2022-07-26T20:00:35.282Z] ----------------------------------------------------------------------
[debug] [2022-07-26T20:00:35.284Z] Command:       C:\Program Files\nodejs\node.exe C:\Users\USER\AppData\Roaming\npm\node_modules\firebase-tools\lib\bin\firebase.js login
[debug] [2022-07-26T20:00:35.285Z] CLI Version:   11.3.0
[debug] [2022-07-26T20:00:35.285Z] Platform:      win32
[debug] [2022-07-26T20:00:35.285Z] Node Version:  v16.15.0
[debug] [2022-07-26T20:00:35.286Z] Time:          Tue Jul 26 2022 23:00:35 GMT+0300 (Източноевропейско лятно часово време)
[debug] [2022-07-26T20:00:35.286Z] ----------------------------------------------------------------------
[debug] 
[debug] [2022-07-26T20:00:35.289Z] >>> [apiv2][query] GET https://firebase-public.firebaseio.com/cli.json [none]
[info] i  Firebase optionally collects CLI usage and error reporting information to help improve our products. Data is collected in accordance with Google's privacy policy (https://policies.google.com/privacy) and is not used to identify you.
 
[debug] [2022-07-26T20:00:35.673Z] <<< [apiv2][status] GET https://firebase-public.firebaseio.com/cli.json 200
[debug] [2022-07-26T20:00:35.674Z] <<< [apiv2][body] GET https://firebase-public.firebaseio.com/cli.json {"cloudBuildErrorAfter":1594252800000,"cloudBuildWarnAfter":1590019200000,"defaultNode10After":1594252800000,"minVersion":"3.0.5","node8DeploysDisabledAfter":1613390400000,"node8RuntimeDisabledAfter":1615809600000,"node8WarnAfter":1600128000000}
[info] i  To change your data collection preference at any time, run `firebase logout` and log in again. 
[info] 
[info] Visit this URL on this device to log in:
[info] https://accounts.google.com/o/oauth2/auth?client_id=563584335869-fgrhgmd47bqnekij5i8b5pr03ho849e6.apps.googleusercontent.com&scope=email%20openid%20https%3A%2F%2Fwww.googleapis.com%2Fauth%2Fcloudplatformprojects.readonly%20https%3A%2F%2Fwww.googleapis.com%2Fauth%2Ffirebase%20https%3A%2F%2Fwww.googleapis.com%2Fauth%2Fcloud-platform&response_type=code&state=574156467&redirect_uri=http%3A%2F%2Flocalhost%3A9005
[info] 
[info] Waiting for authentication...
[debug] [2022-07-26T20:01:09.369Z] >>> [apiv2][query] POST https://auth.firebase.tools/attest [none]
[debug] [2022-07-26T20:01:09.369Z] >>> [apiv2][body] POST https://auth.firebase.tools/attest {"session_id":"03abb9fe-3b8c-4cce-83d6-8774a810d09d"}
[debug] [2022-07-26T20:01:09.925Z] <<< [apiv2][status] POST https://auth.firebase.tools/attest 200
[debug] [2022-07-26T20:01:09.925Z] <<< [apiv2][body] POST https://auth.firebase.tools/attest {"token":"0rOaYWEzaBCKzOZv-RMvwl1ZPerdriEvp7LaOOhWVZg"}
[info] 
[info] To sign in to the Firebase CLI:
[info] 
[info] 1. Take note of your session ID:
[info] 
[info]    03ABB
[info] 
[info] 2. Visit the URL below on any device and follow the instructions to get your code:
[info] 
[info]    https://auth.firebase.tools/login?code_challenge=mG_HQNO_HBf2RKTgv0-z55ZnQT9mkqyQeNNs62vXy6o&session=03abb9fe-3b8c-4cce-83d6-8774a810d09d&attest=0rOaYWEzaBCKzOZv-RMvwl1ZPerdriEvp7LaOOhWVZg
[info] 
[info] 3. Paste or enter the authorization code below once you have it:
[info] 
